2025-01-21T21:12:55.055+01:00  INFO 45973 --- [GestionExcepciones] [http-nio-8080-exec-2] e.d.a.g.c.GlobalExceptionHandler         : Se ha capturado una excepcion ProductoNotFoundException
2025-01-21T21:12:55.055+01:00 DEBUG 45973 --- [GestionExcepciones] [http-nio-8080-exec-2] e.d.a.g.c.GlobalExceptionHandler         : Detalles de la excepción: El producto con 1001 no existe.
2025-01-21T21:12:55.055+01:00 TRACE 45973 --- [GestionExcepciones] [http-nio-8080-exec-2] e.d.a.g.c.GlobalExceptionHandler         : ErrorDTO generado: ErrorDTO(message=Error API Productos, code=NOT_FOUND, details={404 NOT_FOUND=El producto con 1001 no existe.})
2025-01-21T21:13:51.507+01:00  INFO 45973 --- [GestionExcepciones] [SpringApplicationShutdownHook] o.s.b.w.e.tomcat.GracefulShutdown        : Commencing graceful shutdown. Waiting for active requests to complete
2025-01-21T21:13:51.509+01:00  INFO 45973 --- [GestionExcepciones] [tomcat-shutdown] o.s.b.w.e.tomcat.GracefulShutdown        : Graceful shutdown complete
2025-01-21T21:13:51.511+01:00  INFO 45973 --- [GestionExcepciones] [SpringApplicationShutdownHook] j.LocalContainerEntityManagerFactoryBean : Closing JPA EntityManagerFactory for persistence unit 'default'
2025-01-21T21:13:51.513+01:00  INFO 45973 --- [GestionExcepciones] [SpringApplicationShutdownHook] com.zaxxer.hikari.HikariDataSource       : HikariPool-1 - Shutdown initiated...
2025-01-21T21:13:51.514+01:00  INFO 45973 --- [GestionExcepciones] [SpringApplicationShutdownHook] com.zaxxer.hikari.HikariDataSource       : HikariPool-1 - Shutdown completed.
2025-01-21T21:13:53.147+01:00  INFO 46634 --- [GestionExcepciones] [main] e.d.a.g.GestionExcepcionesApplication    : Starting GestionExcepcionesApplication using Java 17.0.13 with PID 46634 (/run/media/melola/Transferencias-X8/IdeaProjects/DAWB/IdeaProjects/GestionExcepciones/target/classes started by melola in /run/media/melola/Transferencias-X8/IdeaProjects/DAWB/IdeaProjects/GestionExcepciones)
2025-01-21T21:13:53.149+01:00 DEBUG 46634 --- [GestionExcepciones] [main] e.d.a.g.GestionExcepcionesApplication    : Running with Spring Boot v3.4.1, Spring v6.2.1
2025-01-21T21:13:53.150+01:00  INFO 46634 --- [GestionExcepciones] [main] e.d.a.g.GestionExcepcionesApplication    : No active profile set, falling back to 1 default profile: "default"
2025-01-21T21:13:53.648+01:00  INFO 46634 --- [GestionExcepciones] [main] .s.d.r.c.RepositoryConfigurationDelegate : Bootstrapping Spring Data JPA repositories in DEFAULT mode.
2025-01-21T21:13:53.697+01:00  INFO 46634 --- [GestionExcepciones] [main] .s.d.r.c.RepositoryConfigurationDelegate : Finished Spring Data repository scanning in 41 ms. Found 1 JPA repository interface.
2025-01-21T21:13:54.060+01:00  INFO 46634 --- [GestionExcepciones] [main] o.s.b.w.embedded.tomcat.TomcatWebServer  : Tomcat initialized with port 8080 (http)
2025-01-21T21:13:54.070+01:00  INFO 46634 --- [GestionExcepciones] [main] o.apache.catalina.core.StandardService   : Starting service [Tomcat]
2025-01-21T21:13:54.070+01:00  INFO 46634 --- [GestionExcepciones] [main] o.apache.catalina.core.StandardEngine    : Starting Servlet engine: [Apache Tomcat/10.1.34]
2025-01-21T21:13:54.102+01:00  INFO 46634 --- [GestionExcepciones] [main] o.a.c.c.C.[Tomcat].[localhost].[/]       : Initializing Spring embedded WebApplicationContext
2025-01-21T21:13:54.103+01:00  INFO 46634 --- [GestionExcepciones] [main] w.s.c.ServletWebServerApplicationContext : Root WebApplicationContext: initialization completed in 924 ms
2025-01-21T21:13:54.206+01:00  INFO 46634 --- [GestionExcepciones] [main] o.hibernate.jpa.internal.util.LogHelper  : HHH000204: Processing PersistenceUnitInfo [name: default]
2025-01-21T21:13:54.250+01:00  INFO 46634 --- [GestionExcepciones] [main] org.hibernate.Version                    : HHH000412: Hibernate ORM core version 6.6.4.Final
2025-01-21T21:13:54.278+01:00  INFO 46634 --- [GestionExcepciones] [main] o.h.c.internal.RegionFactoryInitiator    : HHH000026: Second-level cache disabled
2025-01-21T21:13:54.500+01:00  INFO 46634 --- [GestionExcepciones] [main] o.s.o.j.p.SpringPersistenceUnitInfo      : No LoadTimeWeaver setup: ignoring JPA class transformer
2025-01-21T21:13:54.524+01:00  INFO 46634 --- [GestionExcepciones] [main] com.zaxxer.hikari.HikariDataSource       : HikariPool-1 - Starting...
2025-01-21T21:13:54.754+01:00  INFO 46634 --- [GestionExcepciones] [main] com.zaxxer.hikari.pool.HikariPool        : HikariPool-1 - Added connection conn1: url=jdbc:h2:file:~/tienda_practica user=SA
2025-01-21T21:13:54.756+01:00  INFO 46634 --- [GestionExcepciones] [main] com.zaxxer.hikari.HikariDataSource       : HikariPool-1 - Start completed.
2025-01-21T21:13:54.775+01:00  WARN 46634 --- [GestionExcepciones] [main] org.hibernate.orm.deprecation            : HHH90000025: H2Dialect does not need to be specified explicitly using 'hibernate.dialect' (remove the property setting and it will be selected by default)
2025-01-21T21:13:54.790+01:00  INFO 46634 --- [GestionExcepciones] [main] org.hibernate.orm.connections.pooling    : HHH10001005: Database info:
	Database JDBC URL [Connecting through datasource 'HikariDataSource (HikariPool-1)']
	Database driver: undefined/unknown
	Database version: 2.3.232
	Autocommit mode: undefined/unknown
	Isolation level: undefined/unknown
	Minimum pool size: undefined/unknown
	Maximum pool size: undefined/unknown
2025-01-21T21:13:55.428+01:00  INFO 46634 --- [GestionExcepciones] [main] o.h.e.t.j.p.i.JtaPlatformInitiator       : HHH000489: No JTA platform available (set 'hibernate.transaction.jta.platform' to enable JTA platform integration)
2025-01-21T21:13:55.431+01:00  INFO 46634 --- [GestionExcepciones] [main] j.LocalContainerEntityManagerFactoryBean : Initialized JPA EntityManagerFactory for persistence unit 'default'
2025-01-21T21:13:55.672+01:00  WARN 46634 --- [GestionExcepciones] [main] JpaBaseConfiguration$JpaWebConfiguration : spring.jpa.open-in-view is enabled by default. Therefore, database queries may be performed during view rendering. Explicitly configure spring.jpa.open-in-view to disable this warning
2025-01-21T21:13:55.888+01:00  INFO 46634 --- [GestionExcepciones] [main] o.s.b.a.h2.H2ConsoleAutoConfiguration    : H2 console available at '/h2-console'. Database available at 'jdbc:h2:file:~/tienda_practica'
2025-01-21T21:13:55.942+01:00  INFO 46634 --- [GestionExcepciones] [main] o.s.b.w.embedded.tomcat.TomcatWebServer  : Tomcat started on port 8080 (http) with context path '/'
2025-01-21T21:13:55.949+01:00  INFO 46634 --- [GestionExcepciones] [main] e.d.a.g.GestionExcepcionesApplication    : Started GestionExcepcionesApplication in 3.189 seconds (process running for 3.558)
2025-01-21T21:14:47.603+01:00  INFO 46634 --- [GestionExcepciones] [http-nio-8080-exec-1] o.a.c.c.C.[Tomcat].[localhost].[/]       : Initializing Spring DispatcherServlet 'dispatcherServlet'
2025-01-21T21:14:47.604+01:00  INFO 46634 --- [GestionExcepciones] [http-nio-8080-exec-1] o.s.web.servlet.DispatcherServlet        : Initializing Servlet 'dispatcherServlet'
2025-01-21T21:14:47.605+01:00  INFO 46634 --- [GestionExcepciones] [http-nio-8080-exec-1] o.s.web.servlet.DispatcherServlet        : Completed initialization in 1 ms
2025-01-21T21:14:47.735+01:00  INFO 46634 --- [GestionExcepciones] [http-nio-8080-exec-1] e.d.a.g.c.GlobalExceptionHandler         : Se ha capturado una excepcion ProductoNotFoundException
2025-01-21T21:14:47.736+01:00 DEBUG 46634 --- [GestionExcepciones] [http-nio-8080-exec-1] e.d.a.g.c.GlobalExceptionHandler         : Detalles de la excepción: El producto con 1001 no existe.
2025-01-21T21:14:47.736+01:00 TRACE 46634 --- [GestionExcepciones] [http-nio-8080-exec-1] e.d.a.g.c.GlobalExceptionHandler         : ErrorDTO generado: ErrorDTO(message=Error API Productos, code=NOT_FOUND, details={404 NOT_FOUND=El producto con 1001 no existe.})
2025-01-21T21:19:40.780+01:00  INFO 46634 --- [GestionExcepciones] [SpringApplicationShutdownHook] o.s.b.w.e.tomcat.GracefulShutdown        : Commencing graceful shutdown. Waiting for active requests to complete
2025-01-21T21:19:40.782+01:00  INFO 46634 --- [GestionExcepciones] [tomcat-shutdown] o.s.b.w.e.tomcat.GracefulShutdown        : Graceful shutdown complete
2025-01-21T21:19:40.786+01:00  INFO 46634 --- [GestionExcepciones] [SpringApplicationShutdownHook] j.LocalContainerEntityManagerFactoryBean : Closing JPA EntityManagerFactory for persistence unit 'default'
2025-01-21T21:19:40.787+01:00  INFO 46634 --- [GestionExcepciones] [SpringApplicationShutdownHook] com.zaxxer.hikari.HikariDataSource       : HikariPool-1 - Shutdown initiated...
2025-01-21T21:19:40.788+01:00  INFO 46634 --- [GestionExcepciones] [SpringApplicationShutdownHook] com.zaxxer.hikari.HikariDataSource       : HikariPool-1 - Shutdown completed.
